112.01.04 20:38 B d:\DESKTOP\newWebSite\site-2012-1-5\site-2012-1-5\images\1.jpg --> ftp.innovergroupinc.com /public_html/site-2012-1-5/site-2012-1-5/images 1.jpg
112.01.04 20:38 B d:\DESKTOP\newWebSite\site-2012-1-5\site-2012-1-5\images\a-testing.jpg --> ftp.innovergroupinc.com /public_html/site-2012-1-5/site-2012-1-5/images a-testing.jpg
112.01.04 20:38 B d:\DESKTOP\newWebSite\site-2012-1-5\site-2012-1-5\images\adm-head.jpg --> ftp.innovergroupinc.com /public_html/site-2012-1-5/site-2012-1-5/images adm-head.jpg
112.01.04 20:38 B d:\DESKTOP\newWebSite\site-2012-1-5\site-2012-1-5\images\amway.jpg --> ftp.innovergroupinc.com /public_html/site-2012-1-5/site-2012-1-5/images amway.jpg
112.01.04 20:38 B d:\DESKTOP\newWebSite\site-2012-1-5\site-2012-1-5\images\arrow-link.png --> ftp.innovergroupinc.com /public_html/site-2012-1-5/site-2012-1-5/images arrow-link.png
112.01.04 20:38 B d:\DESKTOP\newWebSite\site-2012-1-5\site-2012-1-5\images\arrow-side.png --> ftp.innovergroupinc.com /public_html/site-2012-1-5/site-2012-1-5/images arrow-side.png
112.01.04 20:38 B d:\DESKTOP\newWebSite\site-2012-1-5\site-2012-1-5\images\arrow.gif --> ftp.innovergroupinc.com /public_html/site-2012-1-5/site-2012-1-5/images arrow.gif
112.01.04 20:38 B d:\DESKTOP\newWebSite\site-2012-1-5\site-2012-1-5\images\arrow.jpg --> ftp.innovergroupinc.com /public_html/site-2012-1-5/site-2012-1-5/images arrow.jpg
112.01.04 20:38 B d:\DESKTOP\newWebSite\site-2012-1-5\site-2012-1-5\images\at-head.jpg --> ftp.innovergroupinc.com /public_html/site-2012-1-5/site-2012-1-5/images at-head.jpg
112.01.04 20:38 B d:\DESKTOP\newWebSite\site-2012-1-5\site-2012-1-5\images\be-creative.jpg --> ftp.innovergroupinc.com /public_html/site-2012-1-5/site-2012-1-5/images be-creative.jpg
112.01.04 20:38 B d:\DESKTOP\newWebSite\site-2012-1-5\site-2012-1-5\images\bg-containerColumnsFoot.gif --> ftp.innovergroupinc.com /public_html/site-2012-1-5/site-2012-1-5/images bg-containerColumnsFoot.gif
112.01.04 20:38 B d:\DESKTOP\newWebSite\site-2012-1-5\site-2012-1-5\images\bg-containerColumnsHead.gif --> ftp.innovergroupinc.com /public_html/site-2012-1-5/site-2012-1-5/images bg-containerColumnsHead.gif
112.01.04 20:38 B d:\DESKTOP\newWebSite\site-2012-1-5\site-2012-1-5\images\bg-hierNav.gif --> ftp.innovergroupinc.com /public_html/site-2012-1-5/site-2012-1-5/images bg-hierNav.gif
112.01.04 20:38 B d:\DESKTOP\newWebSite\site-2012-1-5\site-2012-1-5\images\bg-line.gif --> ftp.innovergroupinc.com /public_html/site-2012-1-5/site-2012-1-5/images bg-line.gif
112.01.04 20:38 B d:\DESKTOP\newWebSite\site-2012-1-5\site-2012-1-5\images\bg-tab.jpg --> ftp.innovergroupinc.com /public_html/site-2012-1-5/site-2012-1-5/images bg-tab.jpg
112.01.04 20:38 B d:\DESKTOP\newWebSite\site-2012-1-5\site-2012-1-5\images\bg.jpg --> ftp.innovergroupinc.com /public_html/site-2012-1-5/site-2012-1-5/images bg.jpg
112.01.04 20:38 B d:\DESKTOP\newWebSite\site-2012-1-5\site-2012-1-5\images\bg_top.jpg --> ftp.innovergroupinc.com /public_html/site-2012-1-5/site-2012-1-5/images bg_top.jpg
112.01.04 20:38 B d:\DESKTOP\newWebSite\site-2012-1-5\site-2012-1-5\images\bg_top_2.jpg --> ftp.innovergroupinc.com /public_html/site-2012-1-5/site-2012-1-5/images bg_top_2.jpg
112.01.04 20:38 B d:\DESKTOP\newWebSite\site-2012-1-5\site-2012-1-5\images\black-bullets.png --> ftp.innovergroupinc.com /public_html/site-2012-1-5/site-2012-1-5/images black-bullets.png
112.01.04 20:38 B d:\DESKTOP\newWebSite\site-2012-1-5\site-2012-1-5\images\black.jpg --> ftp.innovergroupinc.com /public_html/site-2012-1-5/site-2012-1-5/images black.jpg
112.01.04 20:38 B d:\DESKTOP\newWebSite\site-2012-1-5\site-2012-1-5\images\bottom-1.jpg --> ftp.innovergroupinc.com /public_html/site-2012-1-5/site-2012-1-5/images bottom-1.jpg
112.01.04 20:38 B d:\DESKTOP\newWebSite\site-2012-1-5\site-2012-1-5\images\bottom-top.jpg --> ftp.innovergroupinc.com /public_html/site-2012-1-5/site-2012-1-5/images bottom-top.jpg
112.01.04 20:39 B d:\DESKTOP\newWebSite\site-2012-1-5\site-2012-1-5\images\bottom.jpg --> ftp.innovergroupinc.com /public_html/site-2012-1-5/site-2012-1-5/images bottom.jpg
112.01.04 20:39 B d:\DESKTOP\newWebSite\site-2012-1-5\site-2012-1-5\images\bulb.jpg --> ftp.innovergroupinc.com /public_html/site-2012-1-5/site-2012-1-5/images bulb.jpg
112.01.04 20:39 B d:\DESKTOP\newWebSite\site-2012-1-5\site-2012-1-5\images\c-center.jpg --> ftp.innovergroupinc.com /public_html/site-2012-1-5/site-2012-1-5/images c-center.jpg
112.01.04 20:39 B d:\DESKTOP\newWebSite\site-2012-1-5\site-2012-1-5\images\c.gif --> ftp.innovergroupinc.com /public_html/site-2012-1-5/site-2012-1-5/images c.gif
112.01.04 20:39 B d:\DESKTOP\newWebSite\site-2012-1-5\site-2012-1-5\images\case-studies.jpg --> ftp.innovergroupinc.com /public_html/site-2012-1-5/site-2012-1-5/images case-studies.jpg
112.01.04 20:39 B d:\DESKTOP\newWebSite\site-2012-1-5\site-2012-1-5\images\case.jpg --> ftp.innovergroupinc.com /public_html/site-2012-1-5/site-2012-1-5/images case.jpg
112.01.04 20:39 B d:\DESKTOP\newWebSite\site-2012-1-5\site-2012-1-5\images\cc-head.jpg --> ftp.innovergroupinc.com /public_html/site-2012-1-5/site-2012-1-5/images cc-head.jpg
112.01.04 20:39 B d:\DESKTOP\newWebSite\site-2012-1-5\site-2012-1-5\images\ccs-head.jpg --> ftp.innovergroupinc.com /public_html/site-2012-1-5/site-2012-1-5/images ccs-head.jpg
112.01.04 20:39 B d:\DESKTOP\newWebSite\site-2012-1-5\site-2012-1-5\images\clients.jpg --> ftp.innovergroupinc.com /public_html/site-2012-1-5/site-2012-1-5/images clients.jpg
112.01.04 20:39 B d:\DESKTOP\newWebSite\site-2012-1-5\site-2012-1-5\images\cloud.jpg --> ftp.innovergroupinc.com /public_html/site-2012-1-5/site-2012-1-5/images cloud.jpg
112.01.04 20:39 B d:\DESKTOP\newWebSite\site-2012-1-5\site-2012-1-5\images\contacts-1.jpg --> ftp.innovergroupinc.com /public_html/site-2012-1-5/site-2012-1-5/images contacts-1.jpg
112.01.04 20:39 B d:\DESKTOP\newWebSite\site-2012-1-5\site-2012-1-5\images\corporate.jpg --> ftp.innovergroupinc.com /public_html/site-2012-1-5/site-2012-1-5/images corporate.jpg
112.01.04 20:40 B d:\DESKTOP\newWebSite\site-2012-1-5\site-2012-1-5\images\cs-banner.jpg --> ftp.innovergroupinc.com /public_html/site-2012-1-5/site-2012-1-5/images cs-banner.jpg
112.01.04 20:40 B d:\DESKTOP\newWebSite\site-2012-1-5\site-2012-1-5\images\culture.jpg --> ftp.innovergroupinc.com /public_html/site-2012-1-5/site-2012-1-5/images culture.jpg
112.01.04 20:40 B d:\DESKTOP\newWebSite\site-2012-1-5\site-2012-1-5\images\cutomers.jpg --> ftp.innovergroupinc.com /public_html/site-2012-1-5/site-2012-1-5/images cutomers.jpg
112.01.04 20:40 B d:\DESKTOP\newWebSite\site-2012-1-5\site-2012-1-5\images\devlop.jpg --> ftp.innovergroupinc.com /public_html/site-2012-1-5/site-2012-1-5/images devlop.jpg
112.01.04 20:40 B d:\DESKTOP\newWebSite\site-2012-1-5\site-2012-1-5\images\diff.jpg --> ftp.innovergroupinc.com /public_html/site-2012-1-5/site-2012-1-5/images diff.jpg
112.01.04 20:40 B d:\DESKTOP\newWebSite\site-2012-1-5\site-2012-1-5\images\dot.png --> ftp.innovergroupinc.com /public_html/site-2012-1-5/site-2012-1-5/images dot.png
112.01.04 20:40 B d:\DESKTOP\newWebSite\site-2012-1-5\site-2012-1-5\images\dots.jpg --> ftp.innovergroupinc.com /public_html/site-2012-1-5/site-2012-1-5/images dots.jpg
112.01.04 20:40 B d:\DESKTOP\newWebSite\site-2012-1-5\site-2012-1-5\images\dts-banner.jpg --> ftp.innovergroupinc.com /public_html/site-2012-1-5/site-2012-1-5/images dts-banner.jpg
112.01.04 20:40 B d:\DESKTOP\newWebSite\site-2012-1-5\site-2012-1-5\images\dts-banner1.jpg --> ftp.innovergroupinc.com /public_html/site-2012-1-5/site-2012-1-5/images dts-banner1.jpg
112.01.04 20:40 B d:\DESKTOP\newWebSite\site-2012-1-5\site-2012-1-5\images\dts.jpg --> ftp.innovergroupinc.com /public_html/site-2012-1-5/site-2012-1-5/images dts.jpg
112.01.04 20:40 B d:\DESKTOP\newWebSite\site-2012-1-5\site-2012-1-5\images\eng.jpg --> ftp.innovergroupinc.com /public_html/site-2012-1-5/site-2012-1-5/images eng.jpg
112.01.04 20:40 B d:\DESKTOP\newWebSite\site-2012-1-5\site-2012-1-5\images\face_book.jpg --> ftp.innovergroupinc.com /public_html/site-2012-1-5/site-2012-1-5/images face_book.jpg
112.01.04 20:40 B d:\DESKTOP\newWebSite\site-2012-1-5\site-2012-1-5\images\fem-head.jpg --> ftp.innovergroupinc.com /public_html/site-2012-1-5/site-2012-1-5/images fem-head.jpg
112.01.04 20:41 B d:\DESKTOP\newWebSite\site-2012-1-5\site-2012-1-5\images\fem-pic.jpg --> ftp.innovergroupinc.com /public_html/site-2012-1-5/site-2012-1-5/images fem-pic.jpg
112.01.04 20:41 B d:\DESKTOP\newWebSite\site-2012-1-5\site-2012-1-5\images\flex.jpg --> ftp.innovergroupinc.com /public_html/site-2012-1-5/site-2012-1-5/images flex.jpg
112.01.04 20:41 B d:\DESKTOP\newWebSite\site-2012-1-5\site-2012-1-5\images\footer_bg.jpg --> ftp.innovergroupinc.com /public_html/site-2012-1-5/site-2012-1-5/images footer_bg.jpg
112.01.04 20:41 B d:\DESKTOP\newWebSite\site-2012-1-5\site-2012-1-5\images\grey_bullet.gif --> ftp.innovergroupinc.com /public_html/site-2012-1-5/site-2012-1-5/images grey_bullet.gif
112.01.04 20:41 B d:\DESKTOP\newWebSite\site-2012-1-5\site-2012-1-5\images\growth.jpg --> ftp.innovergroupinc.com /public_html/site-2012-1-5/site-2012-1-5/images growth.jpg
112.01.04 20:41 B d:\DESKTOP\newWebSite\site-2012-1-5\site-2012-1-5\images\hor-dot.png --> ftp.innovergroupinc.com /public_html/site-2012-1-5/site-2012-1-5/images hor-dot.png
112.01.04 20:41 B d:\DESKTOP\newWebSite\site-2012-1-5\site-2012-1-5\images\ibm-logo-anim.gif --> ftp.innovergroupinc.com /public_html/site-2012-1-5/site-2012-1-5/images ibm-logo-anim.gif
112.01.04 20:41 B d:\DESKTOP\newWebSite\site-2012-1-5\site-2012-1-5\images\ibm100_text.png --> ftp.innovergroupinc.com /public_html/site-2012-1-5/site-2012-1-5/images ibm100_text.png
112.01.04 20:41 B d:\DESKTOP\newWebSite\site-2012-1-5\site-2012-1-5\images\in_icon.jpg --> ftp.innovergroupinc.com /public_html/site-2012-1-5/site-2012-1-5/images in_icon.jpg
112.01.04 20:41 B d:\DESKTOP\newWebSite\site-2012-1-5\site-2012-1-5\images\indus-head.jpg --> ftp.innovergroupinc.com /public_html/site-2012-1-5/site-2012-1-5/images indus-head.jpg
112.01.04 20:41 B d:\DESKTOP\newWebSite\site-2012-1-5\site-2012-1-5\images\indus-pic.jpg --> ftp.innovergroupinc.com /public_html/site-2012-1-5/site-2012-1-5/images indus-pic.jpg
112.01.04 20:41 B d:\DESKTOP\newWebSite\site-2012-1-5\site-2012-1-5\images\innover-3jfeb2011.jpg --> ftp.innovergroupinc.com /public_html/site-2012-1-5/site-2012-1-5/images innover-3jfeb2011.jpg
112.01.04 20:41 B d:\DESKTOP\newWebSite\site-2012-1-5\site-2012-1-5\images\it-banner.jpg --> ftp.innovergroupinc.com /public_html/site-2012-1-5/site-2012-1-5/images it-banner.jpg
112.01.04 20:41 B d:\DESKTOP\newWebSite\site-2012-1-5\site-2012-1-5\images\it-pic.jpg --> ftp.innovergroupinc.com /public_html/site-2012-1-5/site-2012-1-5/images it-pic.jpg
112.01.04 20:41 B d:\DESKTOP\newWebSite\site-2012-1-5\site-2012-1-5\images\it-staffing.jpg --> ftp.innovergroupinc.com /public_html/site-2012-1-5/site-2012-1-5/images it-staffing.jpg
112.01.04 20:41 B d:\DESKTOP\newWebSite\site-2012-1-5\site-2012-1-5\images\its.jpg --> ftp.innovergroupinc.com /public_html/site-2012-1-5/site-2012-1-5/images its.jpg
112.01.04 20:41 B d:\DESKTOP\newWebSite\site-2012-1-5\site-2012-1-5\images\job.jpg --> ftp.innovergroupinc.com /public_html/site-2012-1-5/site-2012-1-5/images job.jpg
112.01.04 20:41 B d:\DESKTOP\newWebSite\site-2012-1-5\site-2012-1-5\images\key.jpg --> ftp.innovergroupinc.com /public_html/site-2012-1-5/site-2012-1-5/images key.jpg
112.01.04 20:41 B d:\DESKTOP\newWebSite\site-2012-1-5\site-2012-1-5\images\left-bg.jpg --> ftp.innovergroupinc.com /public_html/site-2012-1-5/site-2012-1-5/images left-bg.jpg
112.01.04 20:41 B d:\DESKTOP\newWebSite\site-2012-1-5\site-2012-1-5\images\lenovo.jpg --> ftp.innovergroupinc.com /public_html/site-2012-1-5/site-2012-1-5/images lenovo.jpg
112.01.04 20:41 B d:\DESKTOP\newWebSite\site-2012-1-5\site-2012-1-5\images\light-bg-tab.jpg --> ftp.innovergroupinc.com /public_html/site-2012-1-5/site-2012-1-5/images light-bg-tab.jpg
112.01.04 20:41 B d:\DESKTOP\newWebSite\site-2012-1-5\site-2012-1-5\images\logo.jpg --> ftp.innovergroupinc.com /public_html/site-2012-1-5/site-2012-1-5/images logo.jpg
112.01.04 20:41 B d:\DESKTOP\newWebSite\site-2012-1-5\site-2012-1-5\images\m-devlop.jpg --> ftp.innovergroupinc.com /public_html/site-2012-1-5/site-2012-1-5/images m-devlop.jpg
112.01.04 20:41 B d:\DESKTOP\newWebSite\site-2012-1-5\site-2012-1-5\images\m-t.jpg --> ftp.innovergroupinc.com /public_html/site-2012-1-5/site-2012-1-5/images m-t.jpg
112.01.04 20:41 B d:\DESKTOP\newWebSite\site-2012-1-5\site-2012-1-5\images\maintenance.jpg --> ftp.innovergroupinc.com /public_html/site-2012-1-5/site-2012-1-5/images maintenance.jpg
112.01.04 20:41 B d:\DESKTOP\newWebSite\site-2012-1-5\site-2012-1-5\images\microsoft.jpg --> ftp.innovergroupinc.com /public_html/site-2012-1-5/site-2012-1-5/images microsoft.jpg
112.01.04 20:41 B d:\DESKTOP\newWebSite\site-2012-1-5\site-2012-1-5\images\mis.jpg --> ftp.innovergroupinc.com /public_html/site-2012-1-5/site-2012-1-5/images mis.jpg
112.01.04 20:41 B d:\DESKTOP\newWebSite\site-2012-1-5\site-2012-1-5\images\mission-vision-head.jpg --> ftp.innovergroupinc.com /public_html/site-2012-1-5/site-2012-1-5/images mission-vision-head.jpg
112.01.04 20:42 B d:\DESKTOP\newWebSite\site-2012-1-5\site-2012-1-5\images\mobile.jpg --> ftp.innovergroupinc.com /public_html/site-2012-1-5/site-2012-1-5/images mobile.jpg
112.01.04 20:42 B d:\DESKTOP\newWebSite\site-2012-1-5\site-2012-1-5\images\mss_.jpg --> ftp.innovergroupinc.com /public_html/site-2012-1-5/site-2012-1-5/images mss_.jpg
112.01.04 20:42 B d:\DESKTOP\newWebSite\site-2012-1-5\site-2012-1-5\images\mts-head.jpg --> ftp.innovergroupinc.com /public_html/site-2012-1-5/site-2012-1-5/images mts-head.jpg
112.01.04 20:42 B d:\DESKTOP\newWebSite\site-2012-1-5\site-2012-1-5\images\offshore.jpg --> ftp.innovergroupinc.com /public_html/site-2012-1-5/site-2012-1-5/images offshore.jpg
112.01.04 20:42 B d:\DESKTOP\newWebSite\site-2012-1-5\site-2012-1-5\images\onshore.jpg --> ftp.innovergroupinc.com /public_html/site-2012-1-5/site-2012-1-5/images onshore.jpg
112.01.04 20:42 B d:\DESKTOP\newWebSite\site-2012-1-5\site-2012-1-5\images\onsite.jpg --> ftp.innovergroupinc.com /public_html/site-2012-1-5/site-2012-1-5/images onsite.jpg
112.01.04 20:42 B d:\DESKTOP\newWebSite\site-2012-1-5\site-2012-1-5\images\oracal.jpg --> ftp.innovergroupinc.com /public_html/site-2012-1-5/site-2012-1-5/images oracal.jpg
112.01.04 20:42 B d:\DESKTOP\newWebSite\site-2012-1-5\site-2012-1-5\images\oracle.jpg --> ftp.innovergroupinc.com /public_html/site-2012-1-5/site-2012-1-5/images oracle.jpg
112.01.04 20:42 B d:\DESKTOP\newWebSite\site-2012-1-5\site-2012-1-5\images\our-clients.jpg --> ftp.innovergroupinc.com /public_html/site-2012-1-5/site-2012-1-5/images our-clients.jpg
112.01.04 20:42 B d:\DESKTOP\newWebSite\site-2012-1-5\site-2012-1-5\images\our-s.jpg --> ftp.innovergroupinc.com /public_html/site-2012-1-5/site-2012-1-5/images our-s.jpg
112.01.04 20:42 B d:\DESKTOP\newWebSite\site-2012-1-5\site-2012-1-5\images\our-services-banner.jpg --> ftp.innovergroupinc.com /public_html/site-2012-1-5/site-2012-1-5/images our-services-banner.jpg
112.01.04 20:42 B d:\DESKTOP\newWebSite\site-2012-1-5\site-2012-1-5\images\our-services.jpg --> ftp.innovergroupinc.com /public_html/site-2012-1-5/site-2012-1-5/images our-services.jpg
112.01.04 20:42 B d:\DESKTOP\newWebSite\site-2012-1-5\site-2012-1-5\images\out-team.jpg --> ftp.innovergroupinc.com /public_html/site-2012-1-5/site-2012-1-5/images out-team.jpg
112.01.04 20:42 B d:\DESKTOP\newWebSite\site-2012-1-5\site-2012-1-5\images\overview.jpg --> ftp.innovergroupinc.com /public_html/site-2012-1-5/site-2012-1-5/images overview.jpg
112.01.04 20:42 B d:\DESKTOP\newWebSite\site-2012-1-5\site-2012-1-5\images\pack-solution.jpg --> ftp.innovergroupinc.com /public_html/site-2012-1-5/site-2012-1-5/images pack-solution.jpg
112.01.04 20:42 B d:\DESKTOP\newWebSite\site-2012-1-5\site-2012-1-5\images\panasonic.jpg --> ftp.innovergroupinc.com /public_html/site-2012-1-5/site-2012-1-5/images panasonic.jpg
112.01.04 20:42 B d:\DESKTOP\newWebSite\site-2012-1-5\site-2012-1-5\images\people.jpg --> ftp.innovergroupinc.com /public_html/site-2012-1-5/site-2012-1-5/images people.jpg
112.01.04 20:42 B d:\DESKTOP\newWebSite\site-2012-1-5\site-2012-1-5\images\pg-flow-chart.jpg --> ftp.innovergroupinc.com /public_html/site-2012-1-5/site-2012-1-5/images pg-flow-chart.jpg
112.01.04 20:42 B d:\DESKTOP\newWebSite\site-2012-1-5\site-2012-1-5\images\pgs-head.jpg --> ftp.innovergroupinc.com /public_html/site-2012-1-5/site-2012-1-5/images pgs-head.jpg
112.01.04 20:42 B d:\DESKTOP\newWebSite\site-2012-1-5\site-2012-1-5\images\plan.png --> ftp.innovergroupinc.com /public_html/site-2012-1-5/site-2012-1-5/images plan.png
112.01.04 20:42 B d:\DESKTOP\newWebSite\site-2012-1-5\site-2012-1-5\images\power.jpg --> ftp.innovergroupinc.com /public_html/site-2012-1-5/site-2012-1-5/images power.jpg
112.01.04 20:42 B d:\DESKTOP\newWebSite\site-2012-1-5\site-2012-1-5\images\print-header.gif --> ftp.innovergroupinc.com /public_html/site-2012-1-5/site-2012-1-5/images print-header.gif
112.01.04 20:43 B d:\DESKTOP\newWebSite\site-2012-1-5\site-2012-1-5\images\privacy-banner.jpg --> ftp.innovergroupinc.com /public_html/site-2012-1-5/site-2012-1-5/images privacy-banner.jpg
112.01.04 20:43 B d:\DESKTOP\newWebSite\site-2012-1-5\site-2012-1-5\images\privacy.jpg --> ftp.innovergroupinc.com /public_html/site-2012-1-5/site-2012-1-5/images privacy.jpg
112.01.04 20:43 B d:\DESKTOP\newWebSite\site-2012-1-5\site-2012-1-5\images\pro-globe.jpg --> ftp.innovergroupinc.com /public_html/site-2012-1-5/site-2012-1-5/images pro-globe.jpg
112.01.04 20:43 B d:\DESKTOP\newWebSite\site-2012-1-5\site-2012-1-5\images\pro-out.jpg --> ftp.innovergroupinc.com /public_html/site-2012-1-5/site-2012-1-5/images pro-out.jpg
112.01.04 20:43 B d:\DESKTOP\newWebSite\site-2012-1-5\site-2012-1-5\images\project-new.png --> ftp.innovergroupinc.com /public_html/site-2012-1-5/site-2012-1-5/images project-new.png
112.01.04 20:43 B d:\DESKTOP\newWebSite\site-2012-1-5\site-2012-1-5\images\prople.jpg --> ftp.innovergroupinc.com /public_html/site-2012-1-5/site-2012-1-5/images prople.jpg
112.01.04 20:43 B d:\DESKTOP\newWebSite\site-2012-1-5\site-2012-1-5\images\pss.jpg --> ftp.innovergroupinc.com /public_html/site-2012-1-5/site-2012-1-5/images pss.jpg
112.01.04 20:43 B d:\DESKTOP\newWebSite\site-2012-1-5\site-2012-1-5\images\red-bullets.png --> ftp.innovergroupinc.com /public_html/site-2012-1-5/site-2012-1-5/images red-bullets.png
112.01.04 20:43 B d:\DESKTOP\newWebSite\site-2012-1-5\site-2012-1-5\images\red_bullet.gif --> ftp.innovergroupinc.com /public_html/site-2012-1-5/site-2012-1-5/images red_bullet.gif
112.01.04 20:43 B d:\DESKTOP\newWebSite\site-2012-1-5\site-2012-1-5\images\research.jpg --> ftp.innovergroupinc.com /public_html/site-2012-1-5/site-2012-1-5/images research.jpg
112.01.04 20:43 B d:\DESKTOP\newWebSite\site-2012-1-5\site-2012-1-5\images\right-bg.jpg --> ftp.innovergroupinc.com /public_html/site-2012-1-5/site-2012-1-5/images right-bg.jpg
112.01.04 20:43 B d:\DESKTOP\newWebSite\site-2012-1-5\site-2012-1-5\images\saas.jpg --> ftp.innovergroupinc.com /public_html/site-2012-1-5/site-2012-1-5/images saas.jpg
112.01.04 20:43 B d:\DESKTOP\newWebSite\site-2012-1-5\site-2012-1-5\images\sdp-head.jpg --> ftp.innovergroupinc.com /public_html/site-2012-1-5/site-2012-1-5/images sdp-head.jpg
112.01.04 20:43 B d:\DESKTOP\newWebSite\site-2012-1-5\site-2012-1-5\images\sdt-cs-head.jpg --> ftp.innovergroupinc.com /public_html/site-2012-1-5/site-2012-1-5/images sdt-cs-head.jpg
112.01.04 20:43 B d:\DESKTOP\newWebSite\site-2012-1-5\site-2012-1-5\images\search-1.jpg --> ftp.innovergroupinc.com /public_html/site-2012-1-5/site-2012-1-5/images search-1.jpg
112.01.04 20:43 B d:\DESKTOP\newWebSite\site-2012-1-5\site-2012-1-5\images\search-icon.jpg --> ftp.innovergroupinc.com /public_html/site-2012-1-5/site-2012-1-5/images search-icon.jpg
112.01.04 20:43 B d:\DESKTOP\newWebSite\site-2012-1-5\site-2012-1-5\images\search.gif --> ftp.innovergroupinc.com /public_html/site-2012-1-5/site-2012-1-5/images search.gif
112.01.04 20:43 B d:\DESKTOP\newWebSite\site-2012-1-5\site-2012-1-5\images\ser-offer.jpg --> ftp.innovergroupinc.com /public_html/site-2012-1-5/site-2012-1-5/images ser-offer.jpg
112.01.04 20:43 B d:\DESKTOP\newWebSite\site-2012-1-5\site-2012-1-5\images\site-map-banner.jpg --> ftp.innovergroupinc.com /public_html/site-2012-1-5/site-2012-1-5/images site-map-banner.jpg
112.01.04 20:43 B d:\DESKTOP\newWebSite\site-2012-1-5\site-2012-1-5\images\site-map-bullets.jpg --> ftp.innovergroupinc.com /public_html/site-2012-1-5/site-2012-1-5/images site-map-bullets.jpg
112.01.04 20:43 B d:\DESKTOP\newWebSite\site-2012-1-5\site-2012-1-5\images\sitemap-head.jpg --> ftp.innovergroupinc.com /public_html/site-2012-1-5/site-2012-1-5/images sitemap-head.jpg
112.01.04 20:43 B d:\DESKTOP\newWebSite\site-2012-1-5\site-2012-1-5\images\spd-head.jpg --> ftp.innovergroupinc.com /public_html/site-2012-1-5/site-2012-1-5/images spd-head.jpg
112.01.04 20:43 B d:\DESKTOP\newWebSite\site-2012-1-5\site-2012-1-5\images\spd.jpg --> ftp.innovergroupinc.com /public_html/site-2012-1-5/site-2012-1-5/images spd.jpg
112.01.04 20:43 B d:\DESKTOP\newWebSite\site-2012-1-5\site-2012-1-5\images\spdt-head.jpg --> ftp.innovergroupinc.com /public_html/site-2012-1-5/site-2012-1-5/images spdt-head.jpg
112.01.04 20:44 B d:\DESKTOP\newWebSite\site-2012-1-5\site-2012-1-5\images\team-work.jpg --> ftp.innovergroupinc.com /public_html/site-2012-1-5/site-2012-1-5/images team-work.jpg
112.01.04 20:44 B d:\DESKTOP\newWebSite\site-2012-1-5\site-2012-1-5\images\team.jpg --> ftp.innovergroupinc.com /public_html/site-2012-1-5/site-2012-1-5/images team.jpg
112.01.04 20:44 B d:\DESKTOP\newWebSite\site-2012-1-5\site-2012-1-5\images\term-head.jpg --> ftp.innovergroupinc.com /public_html/site-2012-1-5/site-2012-1-5/images term-head.jpg
112.01.04 20:44 B d:\DESKTOP\newWebSite\site-2012-1-5\site-2012-1-5\images\terms-banner.jpg --> ftp.innovergroupinc.com /public_html/site-2012-1-5/site-2012-1-5/images terms-banner.jpg
112.01.04 20:44 B d:\DESKTOP\newWebSite\site-2012-1-5\site-2012-1-5\images\testin.jpg --> ftp.innovergroupinc.com /public_html/site-2012-1-5/site-2012-1-5/images testin.jpg
112.01.04 20:44 B d:\DESKTOP\newWebSite\site-2012-1-5\site-2012-1-5\images\testing.jpg --> ftp.innovergroupinc.com /public_html/site-2012-1-5/site-2012-1-5/images testing.jpg
112.01.04 20:44 B d:\DESKTOP\newWebSite\site-2012-1-5\site-2012-1-5\images\tiwetar.jpg --> ftp.innovergroupinc.com /public_html/site-2012-1-5/site-2012-1-5/images tiwetar.jpg
112.01.04 20:44 B d:\DESKTOP\newWebSite\site-2012-1-5\site-2012-1-5\images\top-banner.jpg --> ftp.innovergroupinc.com /public_html/site-2012-1-5/site-2012-1-5/images top-banner.jpg
112.01.04 20:44 B d:\DESKTOP\newWebSite\site-2012-1-5\site-2012-1-5\images\top-bg.jpg --> ftp.innovergroupinc.com /public_html/site-2012-1-5/site-2012-1-5/images top-bg.jpg
112.01.04 20:44 B d:\DESKTOP\newWebSite\site-2012-1-5\site-2012-1-5\images\top.jpg --> ftp.innovergroupinc.com /public_html/site-2012-1-5/site-2012-1-5/images top.jpg
112.01.04 20:44 B d:\DESKTOP\newWebSite\site-2012-1-5\site-2012-1-5\images\tw_closed.gif --> ftp.innovergroupinc.com /public_html/site-2012-1-5/site-2012-1-5/images tw_closed.gif
112.01.04 20:44 B d:\DESKTOP\newWebSite\site-2012-1-5\site-2012-1-5\images\unique.png --> ftp.innovergroupinc.com /public_html/site-2012-1-5/site-2012-1-5/images unique.png
112.01.04 20:44 B d:\DESKTOP\newWebSite\site-2012-1-5\site-2012-1-5\images\united.jpg --> ftp.innovergroupinc.com /public_html/site-2012-1-5/site-2012-1-5/images united.jpg
112.01.04 20:44 B d:\DESKTOP\newWebSite\site-2012-1-5\site-2012-1-5\images\vis.jpg --> ftp.innovergroupinc.com /public_html/site-2012-1-5/site-2012-1-5/images vis.jpg
112.01.04 20:44 B d:\DESKTOP\newWebSite\site-2012-1-5\site-2012-1-5\images\vision.jpg --> ftp.innovergroupinc.com /public_html/site-2012-1-5/site-2012-1-5/images vision.jpg
112.01.04 20:44 B d:\DESKTOP\newWebSite\site-2012-1-5\site-2012-1-5\images\walmart.jpg --> ftp.innovergroupinc.com /public_html/site-2012-1-5/site-2012-1-5/images walmart.jpg
112.01.04 20:44 B d:\DESKTOP\newWebSite\site-2012-1-5\site-2012-1-5\images\where.jpg --> ftp.innovergroupinc.com /public_html/site-2012-1-5/site-2012-1-5/images where.jpg
112.01.04 20:44 B d:\DESKTOP\newWebSite\site-2012-1-5\site-2012-1-5\images\who.jpg --> ftp.innovergroupinc.com /public_html/site-2012-1-5/site-2012-1-5/images who.jpg
112.01.04 20:44 B d:\DESKTOP\newWebSite\site-2012-1-5\site-2012-1-5\images\whoweare.jpg --> ftp.innovergroupinc.com /public_html/site-2012-1-5/site-2012-1-5/images whoweare.jpg
112.01.04 20:44 B d:\DESKTOP\newWebSite\site-2012-1-5\site-2012-1-5\images\www.jpg --> ftp.innovergroupinc.com /public_html/site-2012-1-5/site-2012-1-5/images www.jpg
113.04.30 00:41 A d:\DESKTOP\innoverWebSite\images\WS_FTP.LOG <-- ftp.innovergroupinc.com /public_html/images WS_FTP.LOG
113.04.30 00:41 B d:\DESKTOP\innoverWebSite\images\www.jpg <-- ftp.innovergroupinc.com /public_html/images www.jpg
113.05.21 17:10 B d:\DESKTOP\innoverWebSite\images\1.jpg --> ftp.innovergroupinc.com /public_html/images 1.jpg
113.05.21 17:10 B d:\DESKTOP\innoverWebSite\images\a-testing.jpg --> ftp.innovergroupinc.com /public_html/images a-testing.jpg
113.05.21 17:10 B d:\DESKTOP\innoverWebSite\images\adm-head.jpg --> ftp.innovergroupinc.com /public_html/images adm-head.jpg
113.05.21 17:10 B d:\DESKTOP\innoverWebSite\images\amway.jpg --> ftp.innovergroupinc.com /public_html/images amway.jpg
113.05.21 17:10 B d:\DESKTOP\innoverWebSite\images\arrow-link.png --> ftp.innovergroupinc.com /public_html/images arrow-link.png
113.05.21 17:10 B d:\DESKTOP\innoverWebSite\images\arrow-side.png --> ftp.innovergroupinc.com /public_html/images arrow-side.png
113.05.21 17:10 B d:\DESKTOP\innoverWebSite\images\arrow.gif --> ftp.innovergroupinc.com /public_html/images arrow.gif
113.05.21 17:10 B d:\DESKTOP\innoverWebSite\images\arrow.jpg --> ftp.innovergroupinc.com /public_html/images arrow.jpg
113.05.21 17:10 B d:\DESKTOP\innoverWebSite\images\at-head.jpg --> ftp.innovergroupinc.com /public_html/images at-head.jpg
113.05.21 17:11 B d:\DESKTOP\innoverWebSite\images\be-creative.jpg --> ftp.innovergroupinc.com /public_html/images be-creative.jpg
113.05.21 17:18 B d:\DESKTOP\innoverWebSite\images\bg-containerColumnsFoot.gif --> ftp.innovergroupinc.com /public_html/images bg-containerColumnsFoot.gif
113.05.21 17:18 B d:\DESKTOP\innoverWebSite\images\bg-containerColumnsHead.gif --> ftp.innovergroupinc.com /public_html/images bg-containerColumnsHead.gif
113.05.21 17:18 B d:\DESKTOP\innoverWebSite\images\bg-hierNav.gif --> ftp.innovergroupinc.com /public_html/images bg-hierNav.gif
113.05.21 17:18 B d:\DESKTOP\innoverWebSite\images\bg-line.gif --> ftp.innovergroupinc.com /public_html/images bg-line.gif
113.05.21 17:18 B d:\DESKTOP\innoverWebSite\images\bg-tab.jpg --> ftp.innovergroupinc.com /public_html/images bg-tab.jpg
113.05.21 17:18 B d:\DESKTOP\innoverWebSite\images\bg.jpg --> ftp.innovergroupinc.com /public_html/images bg.jpg
113.05.21 17:18 B d:\DESKTOP\innoverWebSite\images\bg_top.jpg --> ftp.innovergroupinc.com /public_html/images bg_top.jpg
113.05.21 17:18 B d:\DESKTOP\innoverWebSite\images\bg_top_2.jpg --> ftp.innovergroupinc.com /public_html/images bg_top_2.jpg
113.05.21 17:18 B d:\DESKTOP\innoverWebSite\images\black-bullets.png --> ftp.innovergroupinc.com /public_html/images black-bullets.png
113.05.21 17:18 B d:\DESKTOP\innoverWebSite\images\black.jpg --> ftp.innovergroupinc.com /public_html/images black.jpg
113.05.21 17:19 B d:\DESKTOP\innoverWebSite\images\bottom-1.jpg --> ftp.innovergroupinc.com /public_html/images bottom-1.jpg
113.05.21 17:19 B d:\DESKTOP\innoverWebSite\images\bottom-top.jpg --> ftp.innovergroupinc.com /public_html/images bottom-top.jpg
113.05.21 17:19 B d:\DESKTOP\innoverWebSite\images\bottom.jpg --> ftp.innovergroupinc.com /public_html/images bottom.jpg
113.05.21 17:21 B d:\DESKTOP\innoverWebSite\images\bulb.jpg --> ftp.innovergroupinc.com /public_html/images bulb.jpg
113.05.21 17:30 B d:\DESKTOP\innoverWebSite\images\c-center.jpg --> ftp.innovergroupinc.com /public_html/images c-center.jpg
113.05.21 17:30 B d:\DESKTOP\innoverWebSite\images\c.gif --> ftp.innovergroupinc.com /public_html/images c.gif
113.05.21 17:30 B d:\DESKTOP\innoverWebSite\images\case-studies.jpg --> ftp.innovergroupinc.com /public_html/images case-studies.jpg
113.05.21 17:30 B d:\DESKTOP\innoverWebSite\images\case.jpg --> ftp.innovergroupinc.com /public_html/images case.jpg
113.05.21 17:30 B d:\DESKTOP\innoverWebSite\images\cc-head.jpg --> ftp.innovergroupinc.com /public_html/images cc-head.jpg
113.05.21 17:30 B d:\DESKTOP\innoverWebSite\images\ccs-head.jpg --> ftp.innovergroupinc.com /public_html/images ccs-head.jpg
113.05.21 17:30 B d:\DESKTOP\innoverWebSite\images\clients.jpg --> ftp.innovergroupinc.com /public_html/images clients.jpg
113.05.21 17:30 B d:\DESKTOP\innoverWebSite\images\cloud.jpg --> ftp.innovergroupinc.com /public_html/images cloud.jpg
113.05.21 17:30 B d:\DESKTOP\innoverWebSite\images\contacts-1.jpg --> ftp.innovergroupinc.com /public_html/images contacts-1.jpg
113.05.21 17:30 B d:\DESKTOP\innoverWebSite\images\corporate.jpg --> ftp.innovergroupinc.com /public_html/images corporate.jpg
113.05.21 17:30 B d:\DESKTOP\innoverWebSite\images\cs-banner.jpg --> ftp.innovergroupinc.com /public_html/images cs-banner.jpg
113.05.21 17:30 B d:\DESKTOP\innoverWebSite\images\culture.jpg --> ftp.innovergroupinc.com /public_html/images culture.jpg
113.05.21 17:30 B d:\DESKTOP\innoverWebSite\images\cutomers.jpg --> ftp.innovergroupinc.com /public_html/images cutomers.jpg
113.05.21 17:30 B d:\DESKTOP\innoverWebSite\images\devlop.jpg --> ftp.innovergroupinc.com /public_html/images devlop.jpg
113.05.21 17:32 B d:\DESKTOP\innoverWebSite\images\diff.jpg --> ftp.innovergroupinc.com /public_html/images diff.jpg
113.05.21 17:35 B d:\DESKTOP\innoverWebSite\images\diff.jpg --> ftp.innovergroupinc.com /public_html/images diff.jpg
113.05.21 17:35 B d:\DESKTOP\innoverWebSite\images\dot.png --> ftp.innovergroupinc.com /public_html/images dot.png
113.05.21 17:35 B d:\DESKTOP\innoverWebSite\images\dots.jpg --> ftp.innovergroupinc.com /public_html/images dots.jpg
113.05.21 17:35 B d:\DESKTOP\innoverWebSite\images\dts-banner.jpg --> ftp.innovergroupinc.com /public_html/images dts-banner.jpg
113.05.21 17:35 B d:\DESKTOP\innoverWebSite\images\dts-banner1.jpg --> ftp.innovergroupinc.com /public_html/images dts-banner1.jpg
113.05.21 17:35 B d:\DESKTOP\innoverWebSite\images\dts.jpg --> ftp.innovergroupinc.com /public_html/images dts.jpg
113.05.21 17:35 B d:\DESKTOP\innoverWebSite\images\eng.jpg --> ftp.innovergroupinc.com /public_html/images eng.jpg
113.05.21 17:35 B d:\DESKTOP\innoverWebSite\images\face_book.jpg --> ftp.innovergroupinc.com /public_html/images face_book.jpg
113.05.21 17:36 B d:\DESKTOP\innoverWebSite\images\fem-head.jpg --> ftp.innovergroupinc.com /public_html/images fem-head.jpg
113.05.21 17:36 B d:\DESKTOP\innoverWebSite\images\fem-pic.jpg --> ftp.innovergroupinc.com /public_html/images fem-pic.jpg
113.05.21 17:36 B d:\DESKTOP\innoverWebSite\images\flex.jpg --> ftp.innovergroupinc.com /public_html/images flex.jpg
113.05.21 17:36 B d:\DESKTOP\innoverWebSite\images\footer_bg.jpg --> ftp.innovergroupinc.com /public_html/images footer_bg.jpg
113.05.21 17:36 B d:\DESKTOP\innoverWebSite\images\grey_bullet.gif --> ftp.innovergroupinc.com /public_html/images grey_bullet.gif
113.05.21 17:36 B d:\DESKTOP\innoverWebSite\images\growth.jpg --> ftp.innovergroupinc.com /public_html/images growth.jpg
113.05.21 17:36 B d:\DESKTOP\innoverWebSite\images\hor-dot.png --> ftp.innovergroupinc.com /public_html/images hor-dot.png
113.05.21 17:36 B d:\DESKTOP\innoverWebSite\images\ibm-logo-anim.gif --> ftp.innovergroupinc.com /public_html/images ibm-logo-anim.gif
113.05.21 17:36 B d:\DESKTOP\innoverWebSite\images\ibm100_text.png --> ftp.innovergroupinc.com /public_html/images ibm100_text.png
113.05.21 17:36 B d:\DESKTOP\innoverWebSite\images\in_icon.jpg --> ftp.innovergroupinc.com /public_html/images in_icon.jpg
113.05.21 17:36 B d:\DESKTOP\innoverWebSite\images\indus-head.jpg --> ftp.innovergroupinc.com /public_html/images indus-head.jpg
113.05.21 17:36 B d:\DESKTOP\innoverWebSite\images\indus-pic.jpg --> ftp.innovergroupinc.com /public_html/images indus-pic.jpg
113.05.21 17:36 B d:\DESKTOP\innoverWebSite\images\innover-3jfeb2011.jpg --> ftp.innovergroupinc.com /public_html/images innover-3jfeb2011.jpg
113.05.21 17:36 B d:\DESKTOP\innoverWebSite\images\it-banner.jpg --> ftp.innovergroupinc.com /public_html/images it-banner.jpg
113.05.21 17:36 B d:\DESKTOP\innoverWebSite\images\it-pic.jpg --> ftp.innovergroupinc.com /public_html/images it-pic.jpg
113.05.21 17:36 B d:\DESKTOP\innoverWebSite\images\it-staffing.jpg --> ftp.innovergroupinc.com /public_html/images it-staffing.jpg
113.05.21 17:36 B d:\DESKTOP\innoverWebSite\images\its.jpg --> ftp.innovergroupinc.com /public_html/images its.jpg
113.05.21 17:36 B d:\DESKTOP\innoverWebSite\images\job.jpg --> ftp.innovergroupinc.com /public_html/images job.jpg
113.05.21 17:36 B d:\DESKTOP\innoverWebSite\images\key.jpg --> ftp.innovergroupinc.com /public_html/images key.jpg
113.05.21 17:36 B d:\DESKTOP\innoverWebSite\images\left-bg.jpg --> ftp.innovergroupinc.com /public_html/images left-bg.jpg
113.05.21 17:36 B d:\DESKTOP\innoverWebSite\images\lenovo.jpg --> ftp.innovergroupinc.com /public_html/images lenovo.jpg
113.05.21 17:36 B d:\DESKTOP\innoverWebSite\images\light-bg-tab.jpg --> ftp.innovergroupinc.com /public_html/images light-bg-tab.jpg
113.05.21 17:36 B d:\DESKTOP\innoverWebSite\images\logo.jpg --> ftp.innovergroupinc.com /public_html/images logo.jpg
113.05.21 17:36 B d:\DESKTOP\innoverWebSite\images\m-devlop.jpg --> ftp.innovergroupinc.com /public_html/images m-devlop.jpg
113.05.21 17:36 B d:\DESKTOP\innoverWebSite\images\m-t.jpg --> ftp.innovergroupinc.com /public_html/images m-t.jpg
113.05.21 17:37 B d:\DESKTOP\innoverWebSite\images\maintenance.jpg --> ftp.innovergroupinc.com /public_html/images maintenance.jpg
113.05.21 17:37 B d:\DESKTOP\innoverWebSite\images\microsoft.jpg --> ftp.innovergroupinc.com /public_html/images microsoft.jpg
113.05.21 17:37 B d:\DESKTOP\innoverWebSite\images\mis.jpg --> ftp.innovergroupinc.com /public_html/images mis.jpg
113.05.21 17:37 B d:\DESKTOP\innoverWebSite\images\mission-vision-head.jpg --> ftp.innovergroupinc.com /public_html/images mission-vision-head.jpg
113.05.21 17:37 B d:\DESKTOP\innoverWebSite\images\mobile.jpg --> ftp.innovergroupinc.com /public_html/images mobile.jpg
113.05.21 17:37 B d:\DESKTOP\innoverWebSite\images\mss_.jpg --> ftp.innovergroupinc.com /public_html/images mss_.jpg
113.05.21 17:37 B d:\DESKTOP\innoverWebSite\images\mts-head.jpg --> ftp.innovergroupinc.com /public_html/images mts-head.jpg
113.05.21 17:37 B d:\DESKTOP\innoverWebSite\images\offshore.jpg --> ftp.innovergroupinc.com /public_html/images offshore.jpg
113.05.21 17:37 B d:\DESKTOP\innoverWebSite\images\onshore.jpg --> ftp.innovergroupinc.com /public_html/images onshore.jpg
113.05.21 17:37 B d:\DESKTOP\innoverWebSite\images\onsite.jpg --> ftp.innovergroupinc.com /public_html/images onsite.jpg
113.05.21 17:37 B d:\DESKTOP\innoverWebSite\images\oracal.jpg --> ftp.innovergroupinc.com /public_html/images oracal.jpg
113.05.21 17:37 B d:\DESKTOP\innoverWebSite\images\oracle.jpg --> ftp.innovergroupinc.com /public_html/images oracle.jpg
113.05.21 17:37 B d:\DESKTOP\innoverWebSite\images\our-clients.jpg --> ftp.innovergroupinc.com /public_html/images our-clients.jpg
113.05.21 17:37 B d:\DESKTOP\innoverWebSite\images\our-s.jpg --> ftp.innovergroupinc.com /public_html/images our-s.jpg
113.05.21 17:37 B d:\DESKTOP\innoverWebSite\images\our-services-banner.jpg --> ftp.innovergroupinc.com /public_html/images our-services-banner.jpg
113.05.21 17:37 B d:\DESKTOP\innoverWebSite\images\our-services.jpg --> ftp.innovergroupinc.com /public_html/images our-services.jpg
113.05.21 17:37 B d:\DESKTOP\innoverWebSite\images\out-team.jpg --> ftp.innovergroupinc.com /public_html/images out-team.jpg
113.05.21 17:37 B d:\DESKTOP\innoverWebSite\images\overview.jpg --> ftp.innovergroupinc.com /public_html/images overview.jpg
113.05.21 17:37 B d:\DESKTOP\innoverWebSite\images\pack-solution.jpg --> ftp.innovergroupinc.com /public_html/images pack-solution.jpg
113.05.21 17:37 B d:\DESKTOP\innoverWebSite\images\panasonic.jpg --> ftp.innovergroupinc.com /public_html/images panasonic.jpg
113.05.21 17:37 B d:\DESKTOP\innoverWebSite\images\people.jpg --> ftp.innovergroupinc.com /public_html/images people.jpg
113.05.21 17:37 B d:\DESKTOP\innoverWebSite\images\pg-flow-chart.jpg --> ftp.innovergroupinc.com /public_html/images pg-flow-chart.jpg
113.05.21 17:37 B d:\DESKTOP\innoverWebSite\images\pgs-head.jpg --> ftp.innovergroupinc.com /public_html/images pgs-head.jpg
113.05.21 17:37 B d:\DESKTOP\innoverWebSite\images\plan.png --> ftp.innovergroupinc.com /public_html/images plan.png
113.05.21 17:37 B d:\DESKTOP\innoverWebSite\images\power.jpg --> ftp.innovergroupinc.com /public_html/images power.jpg
113.05.21 17:37 B d:\DESKTOP\innoverWebSite\images\print-header.gif --> ftp.innovergroupinc.com /public_html/images print-header.gif
113.05.21 17:38 B d:\DESKTOP\innoverWebSite\images\privacy-banner.jpg --> ftp.innovergroupinc.com /public_html/images privacy-banner.jpg
113.05.21 17:38 B d:\DESKTOP\innoverWebSite\images\privacy.jpg --> ftp.innovergroupinc.com /public_html/images privacy.jpg
113.05.21 17:38 B d:\DESKTOP\innoverWebSite\images\pro-globe.jpg --> ftp.innovergroupinc.com /public_html/images pro-globe.jpg
113.05.21 17:38 B d:\DESKTOP\innoverWebSite\images\pro-out.jpg --> ftp.innovergroupinc.com /public_html/images pro-out.jpg
113.05.21 17:38 B d:\DESKTOP\innoverWebSite\images\project-new.png --> ftp.innovergroupinc.com /public_html/images project-new.png
113.05.21 17:38 B d:\DESKTOP\innoverWebSite\images\prople.jpg --> ftp.innovergroupinc.com /public_html/images prople.jpg
113.05.21 17:38 B d:\DESKTOP\innoverWebSite\images\pss.jpg --> ftp.innovergroupinc.com /public_html/images pss.jpg
113.05.21 17:38 B d:\DESKTOP\innoverWebSite\images\red-bullets.png --> ftp.innovergroupinc.com /public_html/images red-bullets.png
113.05.21 17:38 B d:\DESKTOP\innoverWebSite\images\red_bullet.gif --> ftp.innovergroupinc.com /public_html/images red_bullet.gif
113.05.21 17:38 B d:\DESKTOP\innoverWebSite\images\research.jpg --> ftp.innovergroupinc.com /public_html/images research.jpg
113.05.21 17:38 B d:\DESKTOP\innoverWebSite\images\right-bg.jpg --> ftp.innovergroupinc.com /public_html/images right-bg.jpg
113.05.21 17:38 B d:\DESKTOP\innoverWebSite\images\saas.jpg --> ftp.innovergroupinc.com /public_html/images saas.jpg
113.05.21 17:38 B d:\DESKTOP\innoverWebSite\images\sdp-head.jpg --> ftp.innovergroupinc.com /public_html/images sdp-head.jpg
113.05.21 17:38 B d:\DESKTOP\innoverWebSite\images\sdt-cs-head.jpg --> ftp.innovergroupinc.com /public_html/images sdt-cs-head.jpg
113.05.21 17:38 B d:\DESKTOP\innoverWebSite\images\search-1.jpg --> ftp.innovergroupinc.com /public_html/images search-1.jpg
113.05.21 17:38 B d:\DESKTOP\innoverWebSite\images\search-icon.jpg --> ftp.innovergroupinc.com /public_html/images search-icon.jpg
113.05.21 17:38 B d:\DESKTOP\innoverWebSite\images\search.gif --> ftp.innovergroupinc.com /public_html/images search.gif
113.05.21 17:38 B d:\DESKTOP\innoverWebSite\images\ser-offer.jpg --> ftp.innovergroupinc.com /public_html/images ser-offer.jpg
113.05.21 17:38 B d:\DESKTOP\innoverWebSite\images\site-map-banner.jpg --> ftp.innovergroupinc.com /public_html/images site-map-banner.jpg
113.05.21 17:38 B d:\DESKTOP\innoverWebSite\images\site-map-bullets.jpg --> ftp.innovergroupinc.com /public_html/images site-map-bullets.jpg
113.05.21 17:38 B d:\DESKTOP\innoverWebSite\images\sitemap-head.jpg --> ftp.innovergroupinc.com /public_html/images sitemap-head.jpg
113.05.21 17:38 B d:\DESKTOP\innoverWebSite\images\spd-head.jpg --> ftp.innovergroupinc.com /public_html/images spd-head.jpg
113.05.21 17:39 B d:\DESKTOP\innoverWebSite\images\spd.jpg --> ftp.innovergroupinc.com /public_html/images spd.jpg
113.05.21 17:40 B d:\DESKTOP\innoverWebSite\images\spdt-head.jpg --> ftp.innovergroupinc.com /public_html/images spdt-head.jpg
113.05.21 17:40 B d:\DESKTOP\innoverWebSite\images\team-work.jpg --> ftp.innovergroupinc.com /public_html/images team-work.jpg
113.05.21 17:40 B d:\DESKTOP\innoverWebSite\images\team.jpg --> ftp.innovergroupinc.com /public_html/images team.jpg
113.05.21 17:40 B d:\DESKTOP\innoverWebSite\images\term-head.jpg --> ftp.innovergroupinc.com /public_html/images term-head.jpg
113.05.21 17:40 B d:\DESKTOP\innoverWebSite\images\terms-banner.jpg --> ftp.innovergroupinc.com /public_html/images terms-banner.jpg
113.05.21 17:40 B d:\DESKTOP\innoverWebSite\images\testin.jpg --> ftp.innovergroupinc.com /public_html/images testin.jpg
113.05.21 17:40 B d:\DESKTOP\innoverWebSite\images\testing.jpg --> ftp.innovergroupinc.com /public_html/images testing.jpg
113.05.21 17:41 B d:\DESKTOP\innoverWebSite\images\tiwetar.jpg --> ftp.innovergroupinc.com /public_html/images tiwetar.jpg
113.05.21 17:41 B d:\DESKTOP\innoverWebSite\images\top-banner.jpg --> ftp.innovergroupinc.com /public_html/images top-banner.jpg
113.05.21 17:41 B d:\DESKTOP\innoverWebSite\images\top-bg.jpg --> ftp.innovergroupinc.com /public_html/images top-bg.jpg
113.05.21 17:41 B d:\DESKTOP\innoverWebSite\images\top.jpg --> ftp.innovergroupinc.com /public_html/images top.jpg
113.05.21 17:41 B d:\DESKTOP\innoverWebSite\images\tw_closed.gif --> ftp.innovergroupinc.com /public_html/images tw_closed.gif
113.05.21 17:41 B d:\DESKTOP\innoverWebSite\images\unique.png --> ftp.innovergroupinc.com /public_html/images unique.png
113.05.21 17:41 B d:\DESKTOP\innoverWebSite\images\united.jpg --> ftp.innovergroupinc.com /public_html/images united.jpg
113.05.21 17:41 B d:\DESKTOP\innoverWebSite\images\vis.jpg --> ftp.innovergroupinc.com /public_html/images vis.jpg
113.05.21 17:41 B d:\DESKTOP\innoverWebSite\images\vision.jpg --> ftp.innovergroupinc.com /public_html/images vision.jpg
113.05.21 17:41 B d:\DESKTOP\innoverWebSite\images\walmart.jpg --> ftp.innovergroupinc.com /public_html/images walmart.jpg
113.05.21 17:41 B d:\DESKTOP\innoverWebSite\images\where.jpg --> ftp.innovergroupinc.com /public_html/images where.jpg
113.05.21 17:41 B d:\DESKTOP\innoverWebSite\images\who.jpg --> ftp.innovergroupinc.com /public_html/images who.jpg
113.05.21 17:41 B d:\DESKTOP\innoverWebSite\images\whoweare.jpg --> ftp.innovergroupinc.com /public_html/images whoweare.jpg
